kakao-android-sdk-project-1.13.0-full (2)/applications/kakao-open-android-link-sample/build/outputs/logs/manifest-merger-real-debug-report.txt
-- Merging decision tree log ---
manifest
ADDED from src\main\AndroidManifest.xml:2:1-81:12
INJECTED from src\main\AndroidManifest.xml:2:1-81:12
INJECTED from src\main\AndroidManifest.xml:2:1-81:12
MERGED from [:libraries:kakaolink] AndroidManifest.xml:2:1-13:12
MERGED from [:libraries:plusfriend] AndroidManifest.xml:2:1-13:12
MERGED from [com.android.support:appcompat-v7:27.0.1] AndroidManifest.xml:17:1-22:12
MERGED from [com.android.support.constraint:constraint-layout:1.1.2] AndroidManifest.xml:2:1-11:12
MERGED from [:libraries:network] AndroidManifest.xml:2:1-11:12
MERGED from [:libraries:message-template] AndroidManifest.xml:2:1-11:12
MERGED from [com.android.support:customtabs:27.0.1] AndroidManifest.xml:17:1-22:12
MERGED from [:libraries:util] AndroidManifest.xml:2:1-14:12
MERGED from [com.android.support:support-fragment:27.0.1] AndroidManifest.xml:17:1-22:12
MERGED from [com.android.support:support-core-utils:27.0.1] AndroidManifest.xml:17:1-22:12
MERGED from [com.android.support:animated-vector-drawable:27.0.1] AndroidManifest.xml:17:1-22:12
MERGED from [com.android.support:support-vector-drawable:27.0.1] AndroidManifest.xml:17:1-22:12
MERGED from [com.android.support:support-core-ui:27.0.1] AndroidManifest.xml:17:1-22:12
MERGED from [com.android.support:support-compat:27.0.1] AndroidManifest.xml:17:1-22:12
MERGED from [android.arch.lifecycle:runtime:1.0.0] AndroidManifest.xml:17:1-30:12
INJECTED from src\main\AndroidManifest.xml:2:1-81:12
INJECTED from src\main\AndroidManifest.xml:2:1-81:12
	package
		ADDED from src\main\AndroidManifest.xml:4:11-46
	android:versionName
		INJECTED from src\main\AndroidManifest.xml
		ADDED from src\main\AndroidManifest.xml:2:1-81:12
		INJECTED from src\main\AndroidManifest.xml
	xmlns:tools
		ADDED from src\main\AndroidManifest.xml:3:11-57
	android:versionCode
		INJECTED from src\main\AndroidManifest.xml
		ADDED from src\main\AndroidManifest.xml:2:1-81:12
		INJECTED from src\main\AndroidManifest.xml
	xmlns:android
		ADDED from src\main\AndroidManifest.xml:2:11-69
uses-permission#android.permission.INTERNET
ADDED from src\main\AndroidManifest.xml:6:5-66
	android:name
		ADDED from src\main\AndroidManifest.xml:6:22-64
uses-permission#android.permission.READ_EXTERNAL_STORAGE
ADDED from src\main\AndroidManifest.xml:7:5-79
	android:name
		ADDED from src\main\AndroidManifest.xml:7:22-77
application
ADDED from src\main\AndroidManifest.xml:9:5-79:19
MERGED from [com.android.support.constraint:constraint-layout:1.1.2] AndroidManifest.xml:9:5-20
MERGED from [com.android.support.constraint:constraint-layout:1.1.2] AndroidManifest.xml:9:5-20
MERGED from [android.arch.lifecycle:runtime:1.0.0] AndroidManifest.xml:24:5-28:19
MERGED from [android.arch.lifecycle:runtime:1.0.0] AndroidManifest.xml:24:5-28:19
	android:supportsRtl
		ADDED from src\main\AndroidManifest.xml:13:9-36
	android:label
		ADDED from src\main\AndroidManifest.xml:12:9-41
	android:icon
		ADDED from src\main\AndroidManifest.xml:11:9-38
	android:allowBackup
		ADDED from src\main\AndroidManifest.xml:10:9-36
	android:theme
		ADDED from src\main\AndroidManifest.xml:14:9-70
provider#com.kakao.sdk.link.sample.kakaolink.KakaoLinkSampleProvider
ADDED from src\main\AndroidManifest.xml:15:9-20:53
	android:grantUriPermissions
		ADDED from src\main\AndroidManifest.xml:19:13-47
	android:authorities
		ADDED from src\main\AndroidManifest.xml:17:13-60
	android:exported
		ADDED from src\main\AndroidManifest.xml:18:13-36
	tools:ignore
		ADDED from src\main\AndroidManifest.xml:20:13-51
	android:name
		ADDED from src\main\AndroidManifest.xml:16:13-62
meta-data#com.kakao.sdk.AppKey
ADDED from src\main\AndroidManifest.xml:22:9-24:52
	android:value
		ADDED from src\main\AndroidManifest.xml:24:13-50
	android:name
		ADDED from src\main\AndroidManifest.xml:23:13-48
activity#com.kakao.sdk.link.sample.SplashActivity
ADDED from src\main\AndroidManifest.xml:26:9-35:20
	android:label
		ADDED from src\main\AndroidManifest.xml:28:13-45
	android:launchMode
		ADDED from src\main\AndroidManifest.xml:29:13-44
	android:name
		ADDED from src\main\AndroidManifest.xml:27:13-43
intent-filter#action:name:android.intent.action.MAIN+category:name:android.intent.category.LAUNCHER
ADDED from src\main\AndroidManifest.xml:30:13-34:29
action#android.intent.action.MAIN
ADDED from src\main\AndroidManifest.xml:31:17-68
	android:name
		ADDED from src\main\AndroidManifest.xml:31:25-66
category#android.intent.category.LAUNCHER
ADDED from src\main\AndroidManifest.xml:33:17-76
	android:name
		ADDED from src\main\AndroidManifest.xml:33:27-74
activity#com.kakao.sdk.link.sample.KakaoServiceListActivity
ADDED from src\main\AndroidManifest.xml:36:9-38:46
	android:launchMode
		ADDED from src\main\AndroidManifest.xml:38:13-44
	android:name
		ADDED from src\main\AndroidManifest.xml:37:13-53
activity#com.kakao.sdk.link.sample.storylink.KakaoStoryLinkMainActivity
ADDED from src\main\AndroidManifest.xml:41:9-46:45
	android:parentActivityName
		ADDED from src\main\AndroidManifest.xml:45:13-67
	android:label
		ADDED from src\main\AndroidManifest.xml:43:13-73
	android:launchMode
		ADDED from src\main\AndroidManifest.xml:44:13-43
	tools:ignore
		ADDED from src\main\AndroidManifest.xml:46:13-43
	android:name
		ADDED from src\main\AndroidManifest.xml:42:13-65
activity#com.kakao.sdk.link.sample.kakaolink.KakaoLinkV2MainActivity
ADDED from src\main\AndroidManifest.xml:47:9-63:20
	android:parentActivityName
		ADDED from src\main\AndroidManifest.xml:51:13-67
	android:label
		ADDED from src\main\AndroidManifest.xml:49:13-58
	android:launchMode
		ADDED from src\main\AndroidManifest.xml:50:13-43
	tools:ignore
		ADDED from src\main\AndroidManifest.xml:52:13-43
	android:name
		ADDED from src\main\AndroidManifest.xml:48:13-62
intent-filter#action:name:android.intent.action.VIEW+category:name:android.intent.category.BROWSABLE+category:name:android.intent.category.DEFAULT+data:host:@string/kakaolink_host+data:scheme:@string/kakao_scheme
ADDED from src\main\AndroidManifest.xml:53:13-62:29
action#android.intent.action.VIEW
ADDED from src\main\AndroidManifest.xml:54:17-68
	android:name
		ADDED from src\main\AndroidManifest.xml:54:25-66
category#android.intent.category.DEFAULT
ADDED from src\main\AndroidManifest.xml:56:17-75
	android:name
		ADDED from src\main\AndroidManifest.xml:56:27-73
category#android.intent.category.BROWSABLE
ADDED from src\main\AndroidManifest.xml:57:17-77
	android:name
		ADDED from src\main\AndroidManifest.xml:57:27-75
data
ADDED from src\main\AndroidManifest.xml:59:17-61:60
	android:host
		ADDED from src\main\AndroidManifest.xml:60:21-58
	android:scheme
		ADDED from src\main\AndroidManifest.xml:61:21-58
activity#com.kakao.sdk.link.sample.kakaolink.KakaoLinkOsShareActivity
ADDED from src\main\AndroidManifest.xml:64:9-70:20
	android:parentActivityName
		ADDED from src\main\AndroidManifest.xml:68:13-67
	android:label
		ADDED from src\main\AndroidManifest.xml:66:13-65
	android:launchMode
		ADDED from src\main\AndroidManifest.xml:67:13-43
	tools:ignore
		ADDED from src\main\AndroidManifest.xml:69:13-43
	android:name
		ADDED from src\main\AndroidManifest.xml:65:13-63
activity#com.kakao.sdk.link.sample.kakaolink.KakaoLinkImageUploadActivity
ADDED from src\main\AndroidManifest.xml:71:9-76:20
	android:parentActivityName
		ADDED from src\main\AndroidManifest.xml:74:13-67
	android:label
		ADDED from src\main\AndroidManifest.xml:73:13-69
	tools:ignore
		ADDED from src\main\AndroidManifest.xml:75:13-43
	android:name
		ADDED from src\main\AndroidManifest.xml:72:13-67
activity#com.kakao.sdk.link.sample.plusfriend.PlusFriendActivity
ADDED from src\main\AndroidManifest.xml:77:9-78:20
	android:name
		ADDED from src\main\AndroidManifest.xml:77:19-64
uses-sdk
INJECTED from src\main\AndroidManifest.xml reason: use-sdk injection requested
INJECTED from src\main\AndroidManifest.xml
INJECTED from src\main\AndroidManifest.xml
MERGED from [:libraries:kakaolink] AndroidManifest.xml:8:5-11:62
MERGED from [:libraries:kakaolink] AndroidManifest.xml:8:5-11:62
MERGED from [:libraries:plusfriend] AndroidManifest.xml:8:5-11:62
MERGED from [:libraries:plusfriend] AndroidManifest.xml:8:5-11:62
MERGED from [com.android.support:appcompat-v7:27.0.1] AndroidManifest.xml:20:5-44
MERGED from [com.android.support:appcompat-v7:27.0.1] AndroidManifest.xml:20:5-44
MERGED from [com.android.support.constraint:constraint-layout:1.1.2] AndroidManifest.xml:5:5-7:41
MERGED from [com.android.support.constraint:constraint-layout:1.1.2] AndroidManifest.xml:5:5-7:41
MERGED from [:libraries:network] AndroidManifest.xml:7:5-9:41
MERGED from [:libraries:network] AndroidManifest.xml:7:5-9:41
MERGED from [:libraries:message-template] AndroidManifest.xml:7:5-9:41
MERGED from [:libraries:message-template] AndroidManifest.xml:7:5-9:41
MERGED from [com.android.support:customtabs:27.0.1] AndroidManifest.xml:20:5-44
MERGED from [com.android.support:customtabs:27.0.1] AndroidManifest.xml:20:5-44
MERGED from [:libraries:util] AndroidManifest.xml:10:5-12:41
MERGED from [:libraries:util] AndroidManifest.xml:10:5-12:41
MERGED from [com.android.support:support-fragment:27.0.1] AndroidManifest.xml:20:5-44
MERGED from [com.android.support:support-fragment:27.0.1] AndroidManifest.xml:20:5-44
MERGED from [com.android.support:support-core-utils:27.0.1] AndroidManifest.xml:20:5-44
MERGED from [com.android.support:support-core-utils:27.0.1] AndroidManifest.xml:20:5-44
MERGED from [com.android.support:animated-vector-drawable:27.0.1] AndroidManifest.xml:20:5-44
MERGED from [com.android.support:animated-vector-drawable:27.0.1] AndroidManifest.xml:20:5-44
MERGED from [com.android.support:support-vector-drawable:27.0.1] AndroidManifest.xml:20:5-44
MERGED from [com.android.support:support-vector-drawable:27.0.1] AndroidManifest.xml:20:5-44
MERGED from [com.android.support:support-core-ui:27.0.1] AndroidManifest.xml:20:5-44
MERGED from [com.android.support:support-core-ui:27.0.1] AndroidManifest.xml:20:5-44
MERGED from [com.android.support:support-compat:27.0.1] AndroidManifest.xml:20:5-44
MERGED from [com.android.support:support-compat:27.0.1] AndroidManifest.xml:20:5-44
MERGED from [android.arch.lifecycle:runtime:1.0.0] AndroidManifest.xml:20:5-22:41
MERGED from [android.arch.lifecycle:runtime:1.0.0] AndroidManifest.xml:20:5-22:41
INJECTED from src\main\AndroidManifest.xml
INJECTED from src\main\AndroidManifest.xml
	tools:overrideLibrary
		ADDED from [:libraries:kakaolink] AndroidManifest.xml:11:9-59
	android:targetSdkVersion
		INJECTED from src\main\AndroidManifest.xml
		ADDED from src\main\AndroidManifest.xml
		INJECTED from src\main\AndroidManifest.xml
	android:minSdkVersion
		INJECTED from src\main\AndroidManifest.xml
		ADDED from src\main\AndroidManifest.xml
		INJECTED from src\main\AndroidManifest.xml
meta-data#android.arch.lifecycle.VERSION
ADDED from [android.arch.lifecycle:runtime:1.0.0] AndroidManifest.xml:25:9-27:47
	android:value
		ADDED from [android.arch.lifecycle:runtime:1.0.0] AndroidManifest.xml:27:13-44
	android:name
		ADDED from [android.arch.lifecycle:runtime:1.0.0] AndroidManifest.xml:26:13-58